# Домашнее задание №13

## Секционирование таблицы

### Данные о сервере

Для работы используется виртуальная машина на частном облаке со следующими характеристиками:

* CPU: 2 core Xeon E5-2690v2
* RAM: 4 Gb
* SSD: 20 Gb SSD
* ОС: Ubuntu 24.04 LTS

### Обновление ОС и установка необходимого ПО

Запускаем полное обновление ОС перед началом работы:

```bash
sudo apt-get update && sudo apt-get dist-upgrade -y
```

После окончания обновления при необходимости перезагружаем ВМ:

```bash
sudo reboot
```

Подключаем репозиторий PostgreSQL:

```bash
sudo apt install -y postgresql-common
sudo /usr/share/postgresql-common/pgdg/apt.postgresql.org.sh
```

Устанавливаем PostgreSQL 17:

```bash
sudo apt-get install postgresql-17 -y
```

Проверяем, что всё прошло успешно и запущено:

```bash
rsys@template:~$ sudo pg_lsclusters
Ver Cluster Port Status Owner    Data directory              Log file
17  main    5432 online postgres /var/lib/postgresql/17/main /var/log/postgresql/postgresql-17-main.log
```

Установим утилиту unzip, загрузим из интернета и распакуем демо-базу:

```bash
rsys@template:~$ sudo apt-get install unzip

rsys@template:~$ wget https://edu.postgrespro.ru/demo-big.zip -O /tmp/base.zip

rsys@template:~$ cd /tmp && unzip base.zip
Archive:  base.zip
  inflating: demo-big-20170815.sql
```

Загрузим данную базу в postgresql:

```bash
rsys@template:/tmp$ sudo -u postgres psql
psql (17.0 (Ubuntu 17.0-1.pgdg24.04+1))
Введите "help", чтобы получить справку.

postgres=# \i /tmp/demo-big-20170815.sql
```

Проверим, что база и таблицы появились, а заодно посомтрим какая таблица занимает больше всего места, её и будем секционировать:

```postgresql
demo=# \dt+
                                                 Список отношений
  Схема   |       Имя       |   Тип   | Владелец |  Хранение  | Метод доступа | Размер |         Описание
----------+-----------------+---------+----------+------------+---------------+--------+---------------------------
 bookings | aircrafts_data  | таблица | postgres | постоянное | heap          | 16 kB  | Aircrafts (internal data)
 bookings | airports_data   | таблица | postgres | постоянное | heap          | 56 kB  | Airports (internal data)
 bookings | boarding_passes | таблица | postgres | постоянное | heap          | 456 MB | Boarding passes
 bookings | bookings        | таблица | postgres | постоянное | heap          | 105 MB | Bookings
 bookings | flights         | таблица | postgres | постоянное | heap          | 21 MB  | Flights
 bookings | seats           | таблица | postgres | постоянное | heap          | 96 kB  | Seats
 bookings | ticket_flights  | таблица | postgres | постоянное | heap          | 547 MB | Flight segment
 bookings | tickets         | таблица | postgres | постоянное | heap          | 386 MB | Tickets
(8 строк)
```

>Работать будем над ticket_flights и распределять её равномерно по хешу.

Посмотрим структуру таблицы:

```postgresql
demo=# select * from ticket_flights LIMIT 1;
   ticket_no   | flight_id | fare_conditions |  amount
---------------+-----------+-----------------+----------
 0005434212276 |     69504 | Economy         | 20400.00
(1 строка)
```

Выполним запрос и посмотрим время выполнения:

```postgresql
demo=# EXPLAIN ANALYZE SELECT * FROM ticket_flights WHERE ticket_no = '0005434212222';
                                                             QUERY PLAN
-------------------------------------------------------------------------------------------------------------------------------------
 Index Scan using ticket_flights_pkey on ticket_flights  (cost=0.56..5.00 rows=3 width=32) (actual time=0.232..0.255 rows=4 loops=1)
   Index Cond: (ticket_no = '0005434212222'::bpchar)
 Planning Time: 0.645 ms
 Execution Time: 0.378 ms
(4 строки)
```

>Используется индекс, время - 0.378

Создадим новую таблицу, которую будем секционировать, её секции и заполним данными из исходной таблицы:

```postgresql
demo=# CREATE TABLE ticket_flights_new (LIKE ticket_flights) partition by hash (ticket_no);
CREATE TABLE

demo=# CREATE TABLE ticket_flights_new_0 partition of ticket_flights_new for values with (modulus 5, remainder 0);
CREATE TABLE
demo=# CREATE TABLE ticket_flights_new_1 partition of ticket_flights_new for values with (modulus 5, remainder 1);
CREATE TABLE
demo=# CREATE TABLE ticket_flights_new_2 partition of ticket_flights_new for values with (modulus 5, remainder 2);
CREATE TABLE
demo=# CREATE TABLE ticket_flights_new_3 partition of ticket_flights_new for values with (modulus 5, remainder 3);
CREATE TABLE
demo=# CREATE TABLE ticket_flights_new_4 partition of ticket_flights_new for values with (modulus 5, remainder 4);
CREATE TABLE

demo=# INSERT INTO ticket_flights_new (ticket_no, flight_id, fare_conditions, amount) SELECT ticket_no, flight_id, fare_conditions, amount FROM ticket_flights;
INSERT 0 8391852
```

Проверим, что все наши секции задействуются:

```postgresql
demo=# EXPLAIN ANALYZE SELECT * FROM ticket_flights_new LIMIT 3;
                                                                        QUERY PLAN
----------------------------------------------------------------------------------------------------------------------------------------------------------
 Limit  (cost=0.00..0.07 rows=3 width=32) (actual time=0.160..0.168 rows=3 loops=1)
   ->  Append  (cost=0.00..195810.78 rows=8391852 width=32) (actual time=0.143..0.146 rows=3 loops=1)
         ->  Seq Scan on ticket_flights_new_0 ticket_flights_new_1  (cost=0.00..30773.54 rows=1678554 width=32) (actual time=0.139..0.140 rows=3 loops=1)
         ->  Seq Scan on ticket_flights_new_1 ticket_flights_new_2  (cost=0.00..30674.06 rows=1673106 width=32) (never executed)
         ->  Seq Scan on ticket_flights_new_2 ticket_flights_new_3  (cost=0.00..30817.55 rows=1680955 width=32) (never executed)
         ->  Seq Scan on ticket_flights_new_3 ticket_flights_new_4  (cost=0.00..30797.51 rows=1679851 width=32) (never executed)
         ->  Seq Scan on ticket_flights_new_4 ticket_flights_new_5  (cost=0.00..30788.86 rows=1679386 width=32) (never executed)
 Planning Time: 0.923 ms
 Execution Time: 0.359 ms
(9 строк)
```

Теперь повторим наш запрос, выполненный ранее:

```postgresql
demo=# EXPLAIN ANALYZE SELECT * FROM ticket_flights_new WHERE ticket_no = '0005434212222';
                                                                       QUERY PLAN
---------------------------------------------------------------------------------------------------------------------------------------------------------
 Gather  (cost=1000.00..23742.10 rows=3 width=32) (actual time=304.375..353.000 rows=4 loops=1)
   Workers Planned: 2
   Workers Launched: 2
   ->  Parallel Seq Scan on ticket_flights_new_4 ticket_flights_new  (cost=0.00..22741.80 rows=1 width=32) (actual time=245.533..263.498 rows=1 loops=3)
         Filter: (ticket_no = '0005434212222'::bpchar)
         Rows Removed by Filter: 559794
 Planning Time: 1.853 ms
 Execution Time: 353.291 ms
(8 строк)
```

>Видим, что время выполнение сильно увеличилось, используется Seq Scan.

Создадим индекс, т.к. в изначальной таблице он присутствует и повторим запрос:

```postgresql
demo=# CREATE INDEX ON ticket_flights_new (ticket_no);
CREATE INDEX

demo=# EXPLAIN ANALYZE SELECT * FROM ticket_flights_new WHERE ticket_no = '0005434212222';
                                                                                 QUERY PLAN
-----------------------------------------------------------------------------------------------------------------------------------------------------------------------------
 Index Scan using ticket_flights_new_4_ticket_no_idx on ticket_flights_new_4 ticket_flights_new  (cost=0.43..4.86 rows=3 width=32) (actual time=0.106..0.117 rows=4 loops=1)
   Index Cond: (ticket_no = '0005434212222'::bpchar)
 Planning Time: 0.528 ms
 Execution Time: 0.183 ms
(4 строки)
```

>Теперь время выполнение снизилось относительно изначального запроса к монолитной таблице.

Также посмотрим, что данные равномерно распределились по секциям:

```postgresql
demo=# \dt+
                                                             Список отношений
  Схема   |         Имя          |           Тип            | Владелец |  Хранение  | Метод доступа | Размер  |         Описание
----------+----------------------+--------------------------+----------+------------+---------------+---------+---------------------------
 bookings | aircrafts_data       | таблица                  | postgres | постоянное | heap          | 16 kB   | Aircrafts (internal data)
 bookings | airports_data        | таблица                  | postgres | постоянное | heap          | 56 kB   | Airports (internal data)
 bookings | boarding_passes      | таблица                  | postgres | постоянное | heap          | 456 MB  | Boarding passes
 bookings | bookings             | таблица                  | postgres | постоянное | heap          | 105 MB  | Bookings
 bookings | flights              | таблица                  | postgres | постоянное | heap          | 21 MB   | Flights
 bookings | seats                | таблица                  | postgres | постоянное | heap          | 96 kB   | Seats
 bookings | ticket_flights       | таблица                  | postgres | постоянное | heap          | 547 MB  | Flight segment
 bookings | ticket_flights_new   | секционированная таблица | postgres | постоянное |               | 0 bytes |
 bookings | ticket_flights_new_0 | таблица                  | postgres | постоянное | heap          | 109 MB  |
 bookings | ticket_flights_new_1 | таблица                  | postgres | постоянное | heap          | 109 MB  |
 bookings | ticket_flights_new_2 | таблица                  | postgres | постоянное | heap          | 109 MB  |
 bookings | ticket_flights_new_3 | таблица                  | postgres | постоянное | heap          | 109 MB  |
 bookings | ticket_flights_new_4 | таблица                  | postgres | постоянное | heap          | 109 MB  |
 bookings | tickets              | таблица                  | postgres | постоянное | heap          | 386 MB  | Tickets
(14 строк)
```

Проверим, что операции вставки/обновления/удаления работают корректно:

```postgresql
demo=# INSERT INTO ticket_flights_new VALUES ('1112223334455', '3333', 'Economy', '15100');
INSERT 0 1
demo=# EXPLAIN ANALYZE SELECT * FROM ticket_flights_new WHERE ticket_no = '1112223334455';
                                                                                 QUERY PLAN
-----------------------------------------------------------------------------------------------------------------------------------------------------------------------------
 Index Scan using ticket_flights_new_2_ticket_no_idx on ticket_flights_new_2 ticket_flights_new  (cost=0.43..4.86 rows=3 width=32) (actual time=0.388..0.408 rows=1 loops=1)
   Index Cond: (ticket_no = '1112223334455'::bpchar)
 Planning Time: 2.259 ms
 Execution Time: 0.682 ms
(4 строки)

demo=# UPDATE ticket_flights_new SET flight_id = '4444' WHERE ticket_no = '1112223334455';
UPDATE 1
demo=# SELECT * FROM ticket_flights_new WHERE ticket_no = '1112223334455';
   ticket_no   | flight_id | fare_conditions |  amount
---------------+-----------+-----------------+----------
 1112223334455 |      4444 | Economy         | 15100.00
(1 строка)

demo=# DELETE FROM ticket_flights_new WHERE ticket_no = '1112223334455';
DELETE 1
demo=# SELECT * FROM ticket_flights_new WHERE ticket_no = '1112223334455';
 ticket_no | flight_id | fare_conditions | amount
-----------+-----------+-----------------+--------
(0 строк)
```

В итоге мы получили работоспособную таблицу, где данные равномерно распределены по секциям.
