# Домашнее задание №11

## Работа с индексами

### Данные о сервере

Для работы используется виртуальная машина на частном облаке со следующими характеристиками:

* CPU: 2 core Xeon E5-2690v2
* RAM: 4 Gb
* SSD: 20 Gb SSD
* ОС: Ubuntu 24.04 LTS

### Обновление ОС и установка необходимого ПО

Запускаем полное обновление ОС перед началом работы:

```
sudo apt-get update && sudo apt-get dist-upgrade -y
```
После окончания обновления при необходимости перезагружаем ВМ:

```
sudo reboot
```

Подключаем репозиторий PostgreSQL:

```
sudo apt install -y postgresql-common
sudo /usr/share/postgresql-common/pgdg/apt.postgresql.org.sh
```

Устанавливаем PostgreSQL 16:

```
sudo apt-get install postgresql-16 -y
```

Проверяем, что всё прошло успешно и запущено:

```
rsys@template:~$ sudo pg_lsclusters
Ver Cluster Port Status Owner    Data directory              Log file
16  main    5432 online postgres /var/lib/postgresql/16/main /var/log/postgresql/postgresql-16-main.log
```

Подключимся через psql, создадим базу, таблицу, наполним данными, проанализируем:

```
rsys@template:~$ sudo -u postgres psql
psql (16.4 (Ubuntu 16.4-1.pgdg24.04+2))
Введите "help", чтобы получить справку.

postgres=# CREATE DATABASE testbase;
CREATE DATABASE
postgres=# \c testbase
Вы подключены к базе данных "testbase" как пользователь "postgres".

testbase=# CREATE TABLE index_test(rnd_num INTEGER, rnd_txt TEXT);
CREATE TABLE

testbase=# INSERT INTO index_test(rnd_num, rnd_txt) SELECT s.id, chr((32 + random() * 94)::INTEGER) FROM generate_series(1, 1000000) AS s(id) ORDER BY random();
INSERT 0 1000000

testbase=# ANALYZE index_test;
ANALYZE
```

План запроса до создания индекса:

```
testbase=# EXPLAIN SELECT * FROM index_test WHERE rnd_num = 1000;
                                 QUERY PLAN
----------------------------------------------------------------------------
 Gather  (cost=1000.00..10633.43 rows=1 width=6)
   Workers Planned: 2
   ->  Parallel Seq Scan on index_test  (cost=0.00..9633.33 rows=1 width=6)
         Filter: (rnd_num = 1000)
(4 строки)
```

Создадим индекс по полю rnd_num, проанализируем и посмотрим план запроса еще раз:

```
testbase=# CREATE INDEX ON index_test(rnd_num);
CREATE INDEX

testbase=# ANALYZE index_test;
ANALYZE

testbase=# EXPLAIN SELECT * FROM index_test WHERE rnd_num = 1000;
                                       QUERY PLAN
-----------------------------------------------------------------------------------------
 Index Scan using index_test_rnd_num_idx on index_test  (cost=0.42..8.44 rows=1 width=6)
   Index Cond: (rnd_num = 1000)
(2 строки)
```
>Видим, что при использовании индекса cost получили в разы меньше.

Реализуем индекс для полнотекстового поиска, для чего создадим еще 1 таблицу и наполним данными:

```
testbase=# CREATE TABLE articles (
id SERIAL PRIMARY KEY,
title TEXT,
content TEXT
);
CREATE TABLE

testbase=# INSERT INTO articles (title, content) VALUES
('PostgreSQL Tutorial','This tutorial covers the basics of PostgreSQL.'),('Full-Text Search in PostgreSQL','Learn how to use full-text search in PostgreSQL.'),('Advanced PostgreSQL Features','Explore advanced features of PostgreSQL,including GIN indexes and full-text search.');
INSERT 0 3

testbase=# ALTER TABLE articles ADD COLUMN content_tsvector TSVECTOR GENERATED ALWAYS AS (to_tsvector('english', content)) STORED;
ALTER TABLE
```

Создадим GIN индекс, отключим последовательное сканирование и посмотрим на план запроса.

```
testbase=# CREATE INDEX ON articles USING gin(content_tsvector);
CREATE INDEX

testbase=# SET enable_seqscan = OFF;
SET

testbase=# EXPLAIN SELECT title, content FROM articles WHERE content_tsvector @@ to_tsquery('english', 'PostgreSQL & full-text');
                                                  QUERY PLAN
---------------------------------------------------------------------------------------------------------------
 Bitmap Heap Scan on articles  (cost=21.72..25.73 rows=1 width=64)
   Recheck Cond: (content_tsvector @@ '''postgresql'' & ''full-text'' <-> ''full'' <-> ''text'''::tsquery)
   ->  Bitmap Index Scan on articles_content_tsvector_idx  (cost=0.00..21.72 rows=1 width=0)
         Index Cond: (content_tsvector @@ '''postgresql'' & ''full-text'' <-> ''full'' <-> ''text'''::tsquery)
(4 строки)
```
>Видим, что план запроса строится с использованием нашего индекса.

Возвращаем последовательное сканирование:

```
testbase=# SET enable_seqscan = ON;
SET
```

Реализуем индекс на часть таблицы и проверяем, что он используется при планировании запроса, а заодно и проверим, что для числа <= 500000 будет использоваться индекс, созданный в самом начале:

```
testbase=# CREATE INDEX ON index_test(rnd_num) WHERE rnd_num > 500000;
CREATE INDEX

testbase=# EXPLAIN SELECT * FROM index_test WHERE rnd_num = 500001;
                                        QUERY PLAN
------------------------------------------------------------------------------------------
 Index Scan using index_test_rnd_num_idx1 on index_test  (cost=0.42..8.44 rows=1 width=6)
   Index Cond: (rnd_num = 500001)
(2 строки)

testbase=# EXPLAIN SELECT * FROM index_test WHERE rnd_num = 500000;
                                       QUERY PLAN
-----------------------------------------------------------------------------------------
 Index Scan using index_test_rnd_num_idx on index_test  (cost=0.42..8.44 rows=1 width=6)
   Index Cond: (rnd_num = 500000)
(2 строки)
```
>Видим, что все работает как ожидалось, в 1 случае используется свежесозданный index_test_rnd_num_idx1, во 2 случае index_test_rnd_num_idx.

Создадим индекс на несколько полей и проверим, что он будет использваоться при планировке запросов:

```
testbase=# CREATE INDEX ON index_test(rnd_num, rnd_txt);
CREATE INDEX

testbase=# EXPLAIN SELECT * FROM index_test WHERE rnd_txt = 'z' AND rnd_num = 100000;
                                              QUERY PLAN
------------------------------------------------------------------------------------------------------
 Index Only Scan using index_test_rnd_num_rnd_txt_idx on index_test  (cost=0.42..4.44 rows=1 width=6)
   Index Cond: ((rnd_num = 100000) AND (rnd_txt = 'z'::text))
(2 строки)
```
>Видим, что все работает как ожидалось.